\BOOKMARK [1][-]{section.1}{Introduction}{}% 1
\BOOKMARK [1][-]{section.2}{Datasets}{}% 2
\BOOKMARK [2][-]{subsection.2.1}{Simulated Data}{section.2}% 3
\BOOKMARK [2][-]{subsection.2.2}{Real Data}{section.2}% 4
\BOOKMARK [1][-]{section.3}{Stationarity and Mean-Reversion}{}% 5
\BOOKMARK [2][-]{subsection.3.1}{Mean-Reversion}{section.3}% 6
\BOOKMARK [2][-]{subsection.3.2}{Tests}{section.3}% 7
\BOOKMARK [3][-]{subsubsection.3.2.1}{Augmented Dickey-Fuller \(ADF\) }{subsection.3.2}% 8
\BOOKMARK [2][-]{subsection.3.3}{Other useful plots}{section.3}% 9
\BOOKMARK [1][-]{section.4}{Cointegration}{}% 10
\BOOKMARK [2][-]{subsection.4.1}{Tests}{section.4}% 11
\BOOKMARK [3][-]{subsubsection.4.1.1}{Engle-Granger Two-Step}{subsection.4.1}% 12
\BOOKMARK [2][-]{subsection.4.2}{Error Correction Model \(ECM\)}{section.4}% 13
\BOOKMARK [2][-]{subsection.4.3}{Quality of mean-reversion}{section.4}% 14
\BOOKMARK [2][-]{subsection.4.4}{Real Data Example}{section.4}% 15
\BOOKMARK [3][-]{subsubsection.4.4.1}{Stationarity}{subsection.4.4}% 16
\BOOKMARK [3][-]{subsubsection.4.4.2}{Cointegration}{subsection.4.4}% 17
\BOOKMARK [3][-]{subsubsection.4.4.3}{ECM}{subsection.4.4}% 18
\BOOKMARK [3][-]{subsubsection.4.4.4}{Quality of mean-reversion}{subsection.4.4}% 19
\BOOKMARK [2][-]{subsection.4.5}{Granger Causality}{section.4}% 20
\BOOKMARK [2][-]{subsection.4.6}{Issues with Cointegration}{section.4}% 21
\BOOKMARK [1][-]{section.5}{Trading Strategies}{}% 22
\BOOKMARK [2][-]{subsection.5.1}{Regime changes}{section.5}% 23
\BOOKMARK [2][-]{subsection.5.2}{Backtesting}{section.5}% 24
\BOOKMARK [2][-]{subsection.5.3}{Naive Beta-Hedging Strategy}{section.5}% 25
\BOOKMARK [2][-]{subsection.5.4}{Pairs Trading Strategy}{section.5}% 26
\BOOKMARK [3][-]{subsubsection.5.4.1}{Bounds from OU process}{subsection.5.4}% 27
\BOOKMARK [3][-]{subsubsection.5.4.2}{Bounds from Optimisation}{subsection.5.4}% 28
\BOOKMARK [3][-]{subsubsection.5.4.3}{Dynamic Bounds}{subsection.5.4}% 29
\BOOKMARK [1][-]{subsubsection.5.4.3}{References}{}% 30
\BOOKMARK [1][-]{Appendix.1.A}{Appendix Multivariate Regression}{}% 31
\BOOKMARK [2][-]{subsection.1.A.1}{Autoregression Models - AR\(p\)}{Appendix.1.A}% 32
\BOOKMARK [3][-]{subsubsection.1.A.1.1}{Dickey-Fuller Test and ADF}{subsection.1.A.1}% 33
\BOOKMARK [3][-]{subsubsection.1.A.1.2}{Optimal Lag Order}{subsection.1.A.1}% 34
\BOOKMARK [3][-]{subsubsection.1.A.1.3}{Stability Condition}{subsection.1.A.1}% 35
\BOOKMARK [1][-]{Appendix.1.B}{Appendix Cointegration between Italian and Dutch Gas}{}% 36
