This is pdfTeX, Version 3.14159265-2.6-1.40.16 (MiKTeX 2.9 64-bit) (preloaded format=pdflatex 2016.4.14)  25 JUL 2016 12:30
entering extended mode
**./Coint_Brent_Gasoil_v2.tex
(Coint_Brent_Gasoil_v2.tex
LaTeX2e <2015/10/01> patch level 2
Babel <3.9n> and hyphenation patterns for 69 languages loaded.
("C:\Apps\MiKTeX 2.9\tex\latex\base\article.cls"
Document Class: article 2014/09/29 v1.4h Standard LaTeX document class
("C:\Apps\MiKTeX 2.9\tex\latex\base\size11.clo"
File: size11.clo 2014/09/29 v1.4h Standard LaTeX file (size option)
)
\c@part=\count79
\c@section=\count80
\c@subsection=\count81
\c@subsubsection=\count82
\c@paragraph=\count83
\c@subparagraph=\count84
\c@figure=\count85
\c@table=\count86
\abovecaptionskip=\skip41
\belowcaptionskip=\skip42
\bibindent=\dimen102
)
("C:\Apps\MiKTeX 2.9\tex\latex\graphics\graphicx.sty"
Package: graphicx 2014/10/28 v1.0g Enhanced LaTeX Graphics (DPC,SPQR)

("C:\Apps\MiKTeX 2.9\tex\latex\graphics\keyval.sty"
Package: keyval 2014/10/28 v1.15 key=value parser (DPC)
\KV@toks@=\toks14
)
("C:\Apps\MiKTeX 2.9\tex\latex\graphics\graphics.sty"
Package: graphics 2014/10/28 v1.0p Standard LaTeX Graphics (DPC,SPQR)

("C:\Apps\MiKTeX 2.9\tex\latex\graphics\trig.sty"
Package: trig 1999/03/16 v1.09 sin cos tan (DPC)
)
("C:\Apps\MiKTeX 2.9\tex\latex\00miktex\graphics.cfg"
File: graphics.cfg 2007/01/18 v1.5 graphics configuration of teTeX/TeXLive
)
Package graphics Info: Driver file: pdftex.def on input line 94.

("C:\Apps\MiKTeX 2.9\tex\latex\pdftex-def\pdftex.def"
File: pdftex.def 2011/05/27 v0.06d Graphics/color for pdfTeX

("C:\Apps\MiKTeX 2.9\tex\generic\oberdiek\infwarerr.sty"
Package: infwarerr 2010/04/08 v1.3 Providing info/warning/error messages (HO)
)
("C:\Apps\MiKTeX 2.9\tex\generic\oberdiek\ltxcmds.sty"
Package: ltxcmds 2011/11/09 v1.22 LaTeX kernel commands for general use (HO)
)
\Gread@gobject=\count87
))
\Gin@req@height=\dimen103
\Gin@req@width=\dimen104
)
("C:\Apps\MiKTeX 2.9\tex\latex\caption\caption.sty"
Package: caption 2016/02/21 v3.3-144 Customizing captions (AR)

("C:\Apps\MiKTeX 2.9\tex\latex\caption\caption3.sty"
Package: caption3 2016/05/22 v1.7-166 caption3 kernel (AR)
Package caption3 Info: TeX engine: e-TeX on input line 67.
\captionmargin=\dimen105
\captionmargin@=\dimen106
\captionwidth=\dimen107
\caption@tempdima=\dimen108
\caption@indent=\dimen109
\caption@parindent=\dimen110
\caption@hangindent=\dimen111
)
\c@ContinuedFloat=\count88
)
("C:\Apps\MiKTeX 2.9\tex\latex\adjustbox\adjustbox.sty"
Package: adjustbox 2012/05/21 v1.0 Adjusting TeX boxes (trim, clip, ...)

("C:\Apps\MiKTeX 2.9\tex\latex\xkeyval\xkeyval.sty"
Package: xkeyval 2014/12/03 v2.7a package option processing (HA)

("C:\Apps\MiKTeX 2.9\tex\generic\xkeyval\xkeyval.tex"
("C:\Apps\MiKTeX 2.9\tex\generic\xkeyval\xkvutils.tex"
\XKV@toks=\toks15
\XKV@tempa@toks=\toks16
)
\XKV@depth=\count89
File: xkeyval.tex 2014/12/03 v2.7a key=value parser (HA)
))
("C:\Apps\MiKTeX 2.9\tex\latex\adjustbox\adjcalc.sty"
Package: adjcalc 2012/05/16 v1.1 Provides advanced setlength with multiple back
-ends (calc, etex, pgfmath)
)
("C:\Apps\MiKTeX 2.9\tex\latex\adjustbox\trimclip.sty"
Package: trimclip 2012/05/16 v1.0 Trim and clip general TeX material

("C:\Apps\MiKTeX 2.9\tex\latex\collectbox\collectbox.sty"
Package: collectbox 2012/05/17 v0.4b Collect macro arguments as boxes
\collectedbox=\box26
)
\tc@llx=\dimen112
\tc@lly=\dimen113
\tc@urx=\dimen114
\tc@ury=\dimen115
Package trimclip Info: Using driver 'tc-pdftex.def'.

("C:\Apps\MiKTeX 2.9\tex\latex\adjustbox\tc-pdftex.def"
File: tc-pdftex.def 2012/05/13 v1.0 Clipping driver for pdftex
))
\adjbox@Width=\dimen116
\adjbox@Height=\dimen117
\adjbox@Depth=\dimen118
\adjbox@Totalheight=\dimen119

("C:\Apps\MiKTeX 2.9\tex\latex\ifoddpage\ifoddpage.sty"
Package: ifoddpage 2011/09/13 v1.0 Conditionals for odd/even page detection
\c@checkoddpage=\count90
)
("C:\Apps\MiKTeX 2.9\tex\latex\ltxmisc\varwidth.sty"
Package: varwidth 2009/03/30 ver 0.92;  Variable-width minipages
\@vwid@box=\box27
\sift@deathcycles=\count91
\@vwid@loff=\dimen120
\@vwid@roff=\dimen121
))
("C:\Apps\MiKTeX 2.9\tex\latex\xcolor\xcolor.sty"
Package: xcolor 2016/05/11 v2.12 LaTeX color extensions (UK)

("C:\Apps\MiKTeX 2.9\tex\latex\00miktex\color.cfg"
File: color.cfg 2007/01/18 v1.5 color configuration of teTeX/TeXLive
)
Package xcolor Info: Driver file: pdftex.def on input line 225.
Package xcolor Info: Model `cmy' substituted by `cmy0' on input line 1348.
Package xcolor Info: Model `hsb' substituted by `rgb' on input line 1352.
Package xcolor Info: Model `RGB' extended on input line 1364.
Package xcolor Info: Model `HTML' substituted by `rgb' on input line 1366.
Package xcolor Info: Model `Hsb' substituted by `hsb' on input line 1367.
Package xcolor Info: Model `tHsb' substituted by `hsb' on input line 1368.
Package xcolor Info: Model `HSB' substituted by `hsb' on input line 1369.
Package xcolor Info: Model `Gray' substituted by `gray' on input line 1370.
Package xcolor Info: Model `wave' substituted by `hsb' on input line 1371.
)
("C:\Apps\MiKTeX 2.9\tex\latex\tools\enumerate.sty"
Package: enumerate 2015/07/23 v3.00 enumerate extensions (DPC)
\@enLab=\toks17
)
("C:\Apps\MiKTeX 2.9\tex\latex\geometry\geometry.sty"
Package: geometry 2010/09/12 v5.6 Page Geometry

("C:\Apps\MiKTeX 2.9\tex\generic\oberdiek\ifpdf.sty"
Package: ifpdf 2011/01/30 v2.3 Provides the ifpdf switch (HO)
Package ifpdf Info: pdfTeX in PDF mode is detected.
)
("C:\Apps\MiKTeX 2.9\tex\generic\oberdiek\ifvtex.sty"
Package: ifvtex 2010/03/01 v1.5 Detect VTeX and its facilities (HO)
Package ifvtex Info: VTeX not detected.
)
("C:\Apps\MiKTeX 2.9\tex\generic\ifxetex\ifxetex.sty"
Package: ifxetex 2010/09/12 v0.6 Provides ifxetex conditional
)
\Gm@cnth=\count92
\Gm@cntv=\count93
\c@Gm@tempcnt=\count94
\Gm@bindingoffset=\dimen122
\Gm@wd@mp=\dimen123
\Gm@odd@mp=\dimen124
\Gm@even@mp=\dimen125
\Gm@layoutwidth=\dimen126
\Gm@layoutheight=\dimen127
\Gm@layouthoffset=\dimen128
\Gm@layoutvoffset=\dimen129
\Gm@dimlist=\toks18

("C:\Apps\MiKTeX 2.9\tex\latex\geometry\geometry.cfg"))
("C:\Apps\MiKTeX 2.9\tex\latex\amsmath\amsmath.sty"
Package: amsmath 2013/01/14 v2.14 AMS math features
\@mathmargin=\skip43

For additional information on amsmath, use the `?' option.
("C:\Apps\MiKTeX 2.9\tex\latex\amsmath\amstext.sty"
Package: amstext 2000/06/29 v2.01

("C:\Apps\MiKTeX 2.9\tex\latex\amsmath\amsgen.sty"
File: amsgen.sty 1999/11/30 v2.0
\@emptytoks=\toks19
\ex@=\dimen130
))
("C:\Apps\MiKTeX 2.9\tex\latex\amsmath\amsbsy.sty"
Package: amsbsy 1999/11/29 v1.2d
\pmbraise@=\dimen131
)
("C:\Apps\MiKTeX 2.9\tex\latex\amsmath\amsopn.sty"
Package: amsopn 1999/12/14 v2.01 operator names
)
\inf@bad=\count95
LaTeX Info: Redefining \frac on input line 210.
\uproot@=\count96
\leftroot@=\count97
LaTeX Info: Redefining \overline on input line 306.
\classnum@=\count98
\DOTSCASE@=\count99
LaTeX Info: Redefining \ldots on input line 378.
LaTeX Info: Redefining \dots on input line 381.
LaTeX Info: Redefining \cdots on input line 466.
\Mathstrutbox@=\box28
\strutbox@=\box29
\big@size=\dimen132
LaTeX Font Info:    Redeclaring font encoding OML on input line 566.
LaTeX Font Info:    Redeclaring font encoding OMS on input line 567.
\macc@depth=\count100
\c@MaxMatrixCols=\count101
\dotsspace@=\muskip10
\c@parentequation=\count102
\dspbrk@lvl=\count103
\tag@help=\toks20
\row@=\count104
\column@=\count105
\maxfields@=\count106
\andhelp@=\toks21
\eqnshift@=\dimen133
\alignsep@=\dimen134
\tagshift@=\dimen135
\tagwidth@=\dimen136
\totwidth@=\dimen137
\lineht@=\dimen138
\@envbody=\toks22
\multlinegap=\skip44
\multlinetaggap=\skip45
\mathdisplay@stack=\toks23
LaTeX Info: Redefining \[ on input line 2665.
LaTeX Info: Redefining \] on input line 2666.
)
("C:\Apps\MiKTeX 2.9\tex\latex\amsfonts\amssymb.sty"
Package: amssymb 2013/01/14 v3.01 AMS font symbols

("C:\Apps\MiKTeX 2.9\tex\latex\amsfonts\amsfonts.sty"
Package: amsfonts 2013/01/14 v3.01 Basic AMSFonts support
\symAMSa=\mathgroup4
\symAMSb=\mathgroup5
LaTeX Font Info:    Overwriting math alphabet `\mathfrak' in version `bold'
(Font)                  U/euf/m/n --> U/euf/b/n on input line 106.
))
("C:\Apps\MiKTeX 2.9\tex\latex\base\textcomp.sty"
Package: textcomp 2005/09/27 v1.99g Standard LaTeX package
Package textcomp Info: Sub-encoding information:
(textcomp)               5 = only ISO-Adobe without \textcurrency
(textcomp)               4 = 5 + \texteuro
(textcomp)               3 = 4 + \textohm
(textcomp)               2 = 3 + \textestimated + \textcurrency
(textcomp)               1 = TS1 - \textcircled - \t
(textcomp)               0 = TS1 (full)
(textcomp)             Font families with sub-encoding setting implement
(textcomp)             only a restricted character set as indicated.
(textcomp)             Family '?' is the default used for unknown fonts.
(textcomp)             See the documentation for details.
Package textcomp Info: Setting ? sub-encoding to TS1/1 on input line 79.

("C:\Apps\MiKTeX 2.9\tex\latex\base\ts1enc.def"
File: ts1enc.def 2001/06/05 v3.0e (jk/car/fm) Standard LaTeX file
)
LaTeX Info: Redefining \oldstylenums on input line 334.
Package textcomp Info: Setting cmr sub-encoding to TS1/0 on input line 349.
Package textcomp Info: Setting cmss sub-encoding to TS1/0 on input line 350.
Package textcomp Info: Setting cmtt sub-encoding to TS1/0 on input line 351.
Package textcomp Info: Setting cmvtt sub-encoding to TS1/0 on input line 352.
Package textcomp Info: Setting cmbr sub-encoding to TS1/0 on input line 353.
Package textcomp Info: Setting cmtl sub-encoding to TS1/0 on input line 354.
Package textcomp Info: Setting ccr sub-encoding to TS1/0 on input line 355.
Package textcomp Info: Setting ptm sub-encoding to TS1/4 on input line 356.
Package textcomp Info: Setting pcr sub-encoding to TS1/4 on input line 357.
Package textcomp Info: Setting phv sub-encoding to TS1/4 on input line 358.
Package textcomp Info: Setting ppl sub-encoding to TS1/3 on input line 359.
Package textcomp Info: Setting pag sub-encoding to TS1/4 on input line 360.
Package textcomp Info: Setting pbk sub-encoding to TS1/4 on input line 361.
Package textcomp Info: Setting pnc sub-encoding to TS1/4 on input line 362.
Package textcomp Info: Setting pzc sub-encoding to TS1/4 on input line 363.
Package textcomp Info: Setting bch sub-encoding to TS1/4 on input line 364.
Package textcomp Info: Setting put sub-encoding to TS1/5 on input line 365.
Package textcomp Info: Setting uag sub-encoding to TS1/5 on input line 366.
Package textcomp Info: Setting ugq sub-encoding to TS1/5 on input line 367.
Package textcomp Info: Setting ul8 sub-encoding to TS1/4 on input line 368.
Package textcomp Info: Setting ul9 sub-encoding to TS1/4 on input line 369.
Package textcomp Info: Setting augie sub-encoding to TS1/5 on input line 370.
Package textcomp Info: Setting dayrom sub-encoding to TS1/3 on input line 371.
Package textcomp Info: Setting dayroms sub-encoding to TS1/3 on input line 372.

Package textcomp Info: Setting pxr sub-encoding to TS1/0 on input line 373.
Package textcomp Info: Setting pxss sub-encoding to TS1/0 on input line 374.
Package textcomp Info: Setting pxtt sub-encoding to TS1/0 on input line 375.
Package textcomp Info: Setting txr sub-encoding to TS1/0 on input line 376.
Package textcomp Info: Setting txss sub-encoding to TS1/0 on input line 377.
Package textcomp Info: Setting txtt sub-encoding to TS1/0 on input line 378.
Package textcomp Info: Setting lmr sub-encoding to TS1/0 on input line 379.
Package textcomp Info: Setting lmdh sub-encoding to TS1/0 on input line 380.
Package textcomp Info: Setting lmss sub-encoding to TS1/0 on input line 381.
Package textcomp Info: Setting lmssq sub-encoding to TS1/0 on input line 382.
Package textcomp Info: Setting lmvtt sub-encoding to TS1/0 on input line 383.
Package textcomp Info: Setting lmtt sub-encoding to TS1/0 on input line 384.
Package textcomp Info: Setting qhv sub-encoding to TS1/0 on input line 385.
Package textcomp Info: Setting qag sub-encoding to TS1/0 on input line 386.
Package textcomp Info: Setting qbk sub-encoding to TS1/0 on input line 387.
Package textcomp Info: Setting qcr sub-encoding to TS1/0 on input line 388.
Package textcomp Info: Setting qcs sub-encoding to TS1/0 on input line 389.
Package textcomp Info: Setting qpl sub-encoding to TS1/0 on input line 390.
Package textcomp Info: Setting qtm sub-encoding to TS1/0 on input line 391.
Package textcomp Info: Setting qzc sub-encoding to TS1/0 on input line 392.
Package textcomp Info: Setting qhvc sub-encoding to TS1/0 on input line 393.
Package textcomp Info: Setting futs sub-encoding to TS1/4 on input line 394.
Package textcomp Info: Setting futx sub-encoding to TS1/4 on input line 395.
Package textcomp Info: Setting futj sub-encoding to TS1/4 on input line 396.
Package textcomp Info: Setting hlh sub-encoding to TS1/3 on input line 397.
Package textcomp Info: Setting hls sub-encoding to TS1/3 on input line 398.
Package textcomp Info: Setting hlst sub-encoding to TS1/3 on input line 399.
Package textcomp Info: Setting hlct sub-encoding to TS1/5 on input line 400.
Package textcomp Info: Setting hlx sub-encoding to TS1/5 on input line 401.
Package textcomp Info: Setting hlce sub-encoding to TS1/5 on input line 402.
Package textcomp Info: Setting hlcn sub-encoding to TS1/5 on input line 403.
Package textcomp Info: Setting hlcw sub-encoding to TS1/5 on input line 404.
Package textcomp Info: Setting hlcf sub-encoding to TS1/5 on input line 405.
Package textcomp Info: Setting pplx sub-encoding to TS1/3 on input line 406.
Package textcomp Info: Setting pplj sub-encoding to TS1/3 on input line 407.
Package textcomp Info: Setting ptmx sub-encoding to TS1/4 on input line 408.
Package textcomp Info: Setting ptmj sub-encoding to TS1/4 on input line 409.
)
("C:\Apps\MiKTeX 2.9\tex\latex\upquote\upquote.sty"
Package: upquote 2012/04/19 v1.3 upright-quote and grave-accent glyphs in verba
tim
)
("C:\Apps\MiKTeX 2.9\tex\latex\eurosym\eurosym.sty"
Package: eurosym 1998/08/06 v1.1 European currency symbol ``Euro''
\@eurobox=\box30
)
("C:\Apps\MiKTeX 2.9\tex\latex\ucs\ucs.sty"
Package: ucs 2013/05/11 v2.2 UCS: Unicode input support

("C:\Apps\MiKTeX 2.9\tex\latex\ucs\uni-global.def"
File: uni-global.def 2013/05/13 UCS: Unicode global data
)
\uc@secondtry=\count107
\uc@combtoks=\toks24
\uc@combtoksb=\toks25
\uc@temptokena=\toks26
)
("C:\Apps\MiKTeX 2.9\tex\latex\base\inputenc.sty"
Package: inputenc 2015/03/17 v1.2c Input encoding file
\inpenc@prehook=\toks27
\inpenc@posthook=\toks28

("C:\Apps\MiKTeX 2.9\tex\latex\ucs\utf8x.def"
File: utf8x.def 2004/10/17 UCS: Input encoding UTF-8
))
("C:\Apps\MiKTeX 2.9\tex\latex\fancyvrb\fancyvrb.sty"
Package: fancyvrb 2008/02/07

Style option: `fancyvrb' v2.7a, with DG/SPQR fixes, and firstline=lastline fix 
<2008/02/07> (tvz)
\FV@CodeLineNo=\count108
\FV@InFile=\read1
\FV@TabBox=\box31
\c@FancyVerbLine=\count109
\FV@StepNumber=\count110
\FV@OutFile=\write3
) ("C:\Apps\MiKTeX 2.9\tex\latex\oberdiek\grffile.sty"
Package: grffile 2012/04/05 v1.16 Extended file name support for graphics (HO)

("C:\Apps\MiKTeX 2.9\tex\latex\oberdiek\kvoptions.sty"
Package: kvoptions 2011/06/30 v3.11 Key value format for package options (HO)

("C:\Apps\MiKTeX 2.9\tex\generic\oberdiek\kvsetkeys.sty"
Package: kvsetkeys 2012/04/25 v1.16 Key value parser (HO)

("C:\Apps\MiKTeX 2.9\tex\generic\oberdiek\etexcmds.sty"
Package: etexcmds 2011/02/16 v1.5 Avoid name clashes with e-TeX commands (HO)

("C:\Apps\MiKTeX 2.9\tex\generic\oberdiek\ifluatex.sty"
Package: ifluatex 2010/03/01 v1.3 Provides the ifluatex switch (HO)
Package ifluatex Info: LuaTeX not detected.
)
Package etexcmds Info: Could not find \expanded.
(etexcmds)             That can mean that you are not using pdfTeX 1.50 or
(etexcmds)             that some package has redefined \expanded.
(etexcmds)             In the latter case, load this package earlier.
)))
("C:\Apps\MiKTeX 2.9\tex\generic\oberdiek\pdftexcmds.sty"
Package: pdftexcmds 2011/11/29 v0.20 Utility functions of pdfTeX for LuaTeX (HO
)
Package pdftexcmds Info: LuaTeX not detected.
Package pdftexcmds Info: \pdf@primitive is available.
Package pdftexcmds Info: \pdf@ifprimitive is available.
Package pdftexcmds Info: \pdfdraftmode found.
)
Package grffile Info: Option `multidot' is set to `true'.
Package grffile Info: Option `extendedchars' is set to `false'.
Package grffile Info: Option `space' is set to `true'.
Package grffile Info: \Gin@ii of package `graphicx' fixed on input line 486.
)
("C:\Apps\MiKTeX 2.9\tex\latex\hyperref\hyperref.sty"
Package: hyperref 2012/11/06 v6.83m Hypertext links for LaTeX

("C:\Apps\MiKTeX 2.9\tex\generic\oberdiek\hobsub-hyperref.sty"
Package: hobsub-hyperref 2012/04/25 v1.12 Bundle oberdiek, subset hyperref (HO)


("C:\Apps\MiKTeX 2.9\tex\generic\oberdiek\hobsub-generic.sty"
Package: hobsub-generic 2012/04/25 v1.12 Bundle oberdiek, subset generic (HO)
Package: hobsub 2012/04/25 v1.12 Construct package bundles (HO)
Package hobsub Info: Skipping package `infwarerr' (already loaded).
Package hobsub Info: Skipping package `ltxcmds' (already loaded).
Package hobsub Info: Skipping package `ifluatex' (already loaded).
Package hobsub Info: Skipping package `ifvtex' (already loaded).
Package: intcalc 2007/09/27 v1.1 Expandable calculations with integers (HO)
Package hobsub Info: Skipping package `ifpdf' (already loaded).
Package hobsub Info: Skipping package `etexcmds' (already loaded).
Package hobsub Info: Skipping package `kvsetkeys' (already loaded).
Package: kvdefinekeys 2011/04/07 v1.3 Define keys (HO)
Package hobsub Info: Skipping package `pdftexcmds' (already loaded).
Package: pdfescape 2011/11/25 v1.13 Implements pdfTeX's escape features (HO)
Package: bigintcalc 2012/04/08 v1.3 Expandable calculations on big integers (HO
)
Package: bitset 2011/01/30 v1.1 Handle bit-vector datatype (HO)
Package: uniquecounter 2011/01/30 v1.2 Provide unlimited unique counter (HO)
)
Package hobsub Info: Skipping package `hobsub' (already loaded).
Package: letltxmacro 2010/09/02 v1.4 Let assignment for LaTeX macros (HO)
Package: hopatch 2011/06/24 v1.1 Wrapper for package hooks (HO)
Package: xcolor-patch 2011/01/30 xcolor patch
Package: atveryend 2011/06/30 v1.8 Hooks at the very end of document (HO)
Package atveryend Info: \enddocument detected (standard20110627).
Package: atbegshi 2011/10/05 v1.16 At begin shipout hook (HO)
Package: refcount 2011/10/16 v3.4 Data extraction from label references (HO)
Package: hycolor 2011/01/30 v1.7 Color options for hyperref/bookmark (HO)
)
("C:\Apps\MiKTeX 2.9\tex\latex\oberdiek\auxhook.sty"
Package: auxhook 2011/03/04 v1.3 Hooks for auxiliary files (HO)
)
\@linkdim=\dimen139
\Hy@linkcounter=\count111
\Hy@pagecounter=\count112

("C:\Apps\MiKTeX 2.9\tex\latex\hyperref\pd1enc.def"
File: pd1enc.def 2012/11/06 v6.83m Hyperref: PDFDocEncoding definition (HO)
)
\Hy@SavedSpaceFactor=\count113

("C:\Apps\MiKTeX 2.9\tex\latex\00miktex\hyperref.cfg"
File: hyperref.cfg 2002/06/06 v1.2 hyperref configuration of TeXLive
)
Package hyperref Info: Hyper figures OFF on input line 4443.
Package hyperref Info: Link nesting OFF on input line 4448.
Package hyperref Info: Hyper index ON on input line 4451.
Package hyperref Info: Plain pages OFF on input line 4458.
Package hyperref Info: Backreferencing OFF on input line 4463.
Package hyperref Info: Implicit mode ON; LaTeX internals redefined.
Package hyperref Info: Bookmarks ON on input line 4688.
\c@Hy@tempcnt=\count114

("C:\Apps\MiKTeX 2.9\tex\latex\url\url.sty"
\Urlmuskip=\muskip11
Package: url 2013/09/16  ver 3.4  Verb mode for urls, etc.
)
LaTeX Info: Redefining \url on input line 5041.
\XeTeXLinkMargin=\dimen140
\Fld@menulength=\count115
\Field@Width=\dimen141
\Fld@charsize=\dimen142
Package hyperref Info: Hyper figures OFF on input line 6295.
Package hyperref Info: Link nesting OFF on input line 6300.
Package hyperref Info: Hyper index ON on input line 6303.
Package hyperref Info: backreferencing OFF on input line 6310.
Package hyperref Info: Link coloring OFF on input line 6315.
Package hyperref Info: Link coloring with OCG OFF on input line 6320.
Package hyperref Info: PDF/A mode OFF on input line 6325.
LaTeX Info: Redefining \ref on input line 6365.
LaTeX Info: Redefining \pageref on input line 6369.
\Hy@abspage=\count116
\c@Item=\count117
\c@Hfootnote=\count118
)

Package hyperref Message: Driver (autodetected): hpdftex.

("C:\Apps\MiKTeX 2.9\tex\latex\hyperref\hpdftex.def"
File: hpdftex.def 2012/11/06 v6.83m Hyperref driver for pdfTeX
\Fld@listcount=\count119
\c@bookmark@seq@number=\count120

("C:\Apps\MiKTeX 2.9\tex\latex\oberdiek\rerunfilecheck.sty"
Package: rerunfilecheck 2011/04/15 v1.7 Rerun checks for auxiliary files (HO)
Package uniquecounter Info: New unique counter `rerunfilecheck' on input line 2
82.
)
\Hy@SectionHShift=\skip46
)
("C:\Apps\MiKTeX 2.9\tex\latex\tools\longtable.sty"
Package: longtable 2014/10/28 v4.11 Multi-page Table package (DPC)
\LTleft=\skip47
\LTright=\skip48
\LTpre=\skip49
\LTpost=\skip50
\LTchunksize=\count121
\LTcapwidth=\dimen143
\LT@head=\box32
\LT@firsthead=\box33
\LT@foot=\box34
\LT@lastfoot=\box35
\LT@cols=\count122
\LT@rows=\count123
\c@LT@tables=\count124
\c@LT@chunks=\count125
\LT@p@ftn=\toks29
)
("C:\Apps\MiKTeX 2.9\tex\latex\booktabs\booktabs.sty"
Package: booktabs 2005/04/14 v1.61803 publication quality tables
\heavyrulewidth=\dimen144
\lightrulewidth=\dimen145
\cmidrulewidth=\dimen146
\belowrulesep=\dimen147
\belowbottomsep=\dimen148
\aboverulesep=\dimen149
\abovetopsep=\dimen150
\cmidrulesep=\dimen151
\cmidrulekern=\dimen152
\defaultaddspace=\dimen153
\@cmidla=\count126
\@cmidlb=\count127
\@aboverulesep=\dimen154
\@belowrulesep=\dimen155
\@thisruleclass=\count128
\@lastruleclass=\count129
\@thisrulewidth=\dimen156
)
("C:\Apps\MiKTeX 2.9\tex\latex\ulem\ulem.sty"
\UL@box=\box36
\UL@hyphenbox=\box37
\UL@skip=\skip51
\UL@hook=\toks30
\UL@height=\dimen157
\UL@pe=\count130
\UL@pixel=\dimen158
\ULC@box=\box38
Package: ulem 2012/05/18
\ULdepth=\dimen159
)
("C:\Apps\MiKTeX 2.9\tex\latex\appendix\appendix.sty"
Package: appendix 2009/09/02 v1.2b extra appendix facilities
\c@@pps=\count131
\c@@ppsavesec=\count132
\c@@ppsaveapp=\count133
)
Package hyperref Info: Option `breaklinks' set `true' on input line 230.
Package hyperref Info: Option `colorlinks' set `true' on input line 230.

(Coint_Brent_Gasoil_v2.aux

LaTeX Warning: Label `tests' multiply defined.


LaTeX Warning: Label `quality-of-mean-reversion' multiply defined.


LaTeX Warning: Label `ref' multiply defined.

)
\openout1 = `Coint_Brent_Gasoil_v2.aux'.

LaTeX Font Info:    Checking defaults for OML/cmm/m/it on input line 233.
LaTeX Font Info:    ... okay on input line 233.
LaTeX Font Info:    Checking defaults for T1/cmr/m/n on input line 233.
LaTeX Font Info:    ... okay on input line 233.
LaTeX Font Info:    Checking defaults for OT1/cmr/m/n on input line 233.
LaTeX Font Info:    ... okay on input line 233.
LaTeX Font Info:    Checking defaults for OMS/cmsy/m/n on input line 233.
LaTeX Font Info:    ... okay on input line 233.
LaTeX Font Info:    Checking defaults for OMX/cmex/m/n on input line 233.
LaTeX Font Info:    ... okay on input line 233.
LaTeX Font Info:    Checking defaults for U/cmr/m/n on input line 233.
LaTeX Font Info:    ... okay on input line 233.
LaTeX Font Info:    Checking defaults for TS1/cmr/m/n on input line 233.
LaTeX Font Info:    Try loading font information for TS1+cmr on input line 233.

 ("C:\Apps\MiKTeX 2.9\tex\latex\base\ts1cmr.fd"
File: ts1cmr.fd 2014/09/29 v2.5h Standard LaTeX font definitions
)
LaTeX Font Info:    ... okay on input line 233.
LaTeX Font Info:    Checking defaults for PD1/pdf/m/n on input line 233.
LaTeX Font Info:    ... okay on input line 233.

("C:\Apps\MiKTeX 2.9\tex\context\base\supp-pdf.mkii"
[Loading MPS to PDF converter (version 2006.09.02).]
\scratchcounter=\count134
\scratchdimen=\dimen160
\scratchbox=\box39
\nofMPsegments=\count135
\nofMParguments=\count136
\everyMPshowfont=\toks31
\MPscratchCnt=\count137
\MPscratchDim=\dimen161
\MPnumerator=\count138
\makeMPintoPDFobject=\count139
\everyMPtoPDFconversion=\toks32
)
Package caption Info: Begin \AtBeginDocument code.
Package caption Info: hyperref package is loaded.
Package caption Info: longtable package is loaded.
 ("C:\Apps\MiKTeX 2.9\tex\latex\caption\ltcaption.sty"
Package: ltcaption 2013/06/09 v1.4-94 longtable captions (AR)
)
Package caption Info: End \AtBeginDocument code.

*geometry* driver: auto-detecting
*geometry* detected driver: pdftex
*geometry* verbose mode - [ preamble ] result:
* driver: pdftex
* paper: <default>
* layout: <same size as paper>
* layoutoffset:(h,v)=(0.0pt,0.0pt)
* modes: 
* h-part:(L,W,R)=(72.26999pt, 469.75502pt, 72.26999pt)
* v-part:(T,H,B)=(72.26999pt, 650.43001pt, 72.26999pt)
* \paperwidth=614.295pt
* \paperheight=794.96999pt
* \textwidth=469.75502pt
* \textheight=650.43001pt
* \oddsidemargin=0.0pt
* \evensidemargin=0.0pt
* \topmargin=-37.0pt
* \headheight=12.0pt
* \headsep=25.0pt
* \topskip=11.0pt
* \footskip=30.0pt
* \marginparwidth=59.0pt
* \marginparsep=10.0pt
* \columnsep=10.0pt
* \skip\footins=10.0pt plus 4.0pt minus 2.0pt
* \hoffset=0.0pt
* \voffset=0.0pt
* \mag=1000
* \@twocolumnfalse
* \@twosidefalse
* \@mparswitchfalse
* \@reversemarginfalse
* (1in=72.27pt=25.4mm, 1cm=28.453pt)

("C:\Apps\MiKTeX 2.9\tex\latex\ucs\ucsencs.def"
File: ucsencs.def 2011/01/21 Fixes to fontencodings LGR, T3
)
\AtBeginShipoutBox=\box40
Package hyperref Info: Link coloring ON on input line 233.

("C:\Apps\MiKTeX 2.9\tex\latex\hyperref\nameref.sty"
Package: nameref 2012/10/27 v2.43 Cross-referencing by name of section

("C:\Apps\MiKTeX 2.9\tex\generic\oberdiek\gettitlestring.sty"
Package: gettitlestring 2010/12/03 v1.4 Cleanup title references (HO)
)
\c@section@level=\count140
)
LaTeX Info: Redefining \ref on input line 233.
LaTeX Info: Redefining \pageref on input line 233.
LaTeX Info: Redefining \nameref on input line 233.

(Coint_Brent_Gasoil_v2.out) (Coint_Brent_Gasoil_v2.out)
\@outlinefile=\write4
\openout4 = `Coint_Brent_Gasoil_v2.out'.

LaTeX Font Info:    Try loading font information for U+msa on input line 238.

("C:\Apps\MiKTeX 2.9\tex\latex\amsfonts\umsa.fd"
File: umsa.fd 2013/01/14 v3.01 AMS symbols A
)
LaTeX Font Info:    Try loading font information for U+msb on input line 238.

("C:\Apps\MiKTeX 2.9\tex\latex\amsfonts\umsb.fd"
File: umsb.fd 2013/01/14 v3.01 AMS symbols B
) [1

{C:/Users/Tanya.Sandoval/AppData/Local/MiKTeX/2.9/pdftex/config/pdftex.map}] (C
oint_Brent_Gasoil_v2.toc)
\tf@toc=\write5
\openout5 = `Coint_Brent_Gasoil_v2.toc'.


[2]
Underfull \hbox (badness 1297) in paragraph at lines 277--278
[]\OT1/cmr/m/n/10.95 All the rel-e-vant scripts to ar-rive at the re-sults can 
be found in the project repos-
 []


Underfull \hbox (badness 1077) in paragraph at lines 277--278
\OT1/cmr/m/n/10.95 i-tory ``\OT1/cmr/m/it/10.95 fi-nal-Pro-ject/TS\OT1/cmr/m/n/
10.95 '' in the at-tached USB drive. In par-tic-u-lar the ipython note-book
 []

[3]
<Coint_Brent_Gasoil_v2_files/Coint_Brent_Gasoil_v2_9_0.png, id=215, 890.32625pt
 x 352.31625pt>
File: Coint_Brent_Gasoil_v2_files/Coint_Brent_Gasoil_v2_9_0.png Graphic file (t
ype png)

<use Coint_Brent_Gasoil_v2_files/Coint_Brent_Gasoil_v2_9_0.png>
Package pdftex.def Info: Coint_Brent_Gasoil_v2_files/Coint_Brent_Gasoil_v2_9_0.
png used on input line 329.
(pdftex.def)             Requested size: 890.32408pt x 352.31538pt.

Underfull \hbox (badness 10000) in paragraph at lines 331--332

 []


<Coint_Brent_Gasoil_v2_files/Coint_Brent_Gasoil_v2_12_0.png, id=217, 901.3675pt
 x 341.275pt>
File: Coint_Brent_Gasoil_v2_files/Coint_Brent_Gasoil_v2_12_0.png Graphic file (
type png)
 <use Coint_Brent_Gasoil_v2_files/Coint_Brent_Gasoil_v2_12_0.png>
Package pdftex.def Info: Coint_Brent_Gasoil_v2_files/Coint_Brent_Gasoil_v2_12_0
.png used on input line 348.
(pdftex.def)             Requested size: 901.36528pt x 341.27415pt.

[4 <./Coint_Brent_Gasoil_v2_files/Coint_Brent_Gasoil_v2_9_0.png>]
Underfull \hbox (badness 10000) in paragraph at lines 350--351

 []


<Coint_Brent_Gasoil_v2_files/Coint_Brent_Gasoil_v2_15_1.png, id=228, 939.51pt x
 633.36626pt>
File: Coint_Brent_Gasoil_v2_files/Coint_Brent_Gasoil_v2_15_1.png Graphic file (
type png)
 <use Coint_Brent_Gasoil_v2_files/Coint_Brent_Gasoil_v2_15_1.png>
Package pdftex.def Info: Coint_Brent_Gasoil_v2_files/Coint_Brent_Gasoil_v2_15_1
.png used on input line 382.
(pdftex.def)             Requested size: 939.5077pt x 633.36472pt.

[5 <./Coint_Brent_Gasoil_v2_files/Coint_Brent_Gasoil_v2_12_0.png>]

LaTeX Warning: Citation `refmissing' on page 6 undefined on input line 401.

[6 <./Coint_Brent_Gasoil_v2_files/Coint_Brent_Gasoil_v2_15_1.png>]
<Coint_Brent_Gasoil_v2_files/Coint_Brent_Gasoil_v2_25_0.png, id=249, 881.2925pt
 x 630.355pt>
File: Coint_Brent_Gasoil_v2_files/Coint_Brent_Gasoil_v2_25_0.png Graphic file (
type png)
 <use Coint_Brent_Gasoil_v2_files/Coint_Brent_Gasoil_v2_25_0.png>
Package pdftex.def Info: Coint_Brent_Gasoil_v2_files/Coint_Brent_Gasoil_v2_25_0
.png used on input line 451.
(pdftex.def)             Requested size: 881.29034pt x 630.35345pt.

[7 <./Coint_Brent_Gasoil_v2_files/Coint_Brent_Gasoil_v2_25_0.png>]
<Coint_Brent_Gasoil_v2_files/Coint_Brent_Gasoil_v2_32_0.png, id=263, 924.45375p
t x 565.11125pt>
File: Coint_Brent_Gasoil_v2_files/Coint_Brent_Gasoil_v2_32_0.png Graphic file (
type png)

<use Coint_Brent_Gasoil_v2_files/Coint_Brent_Gasoil_v2_32_0.png>
Package pdftex.def Info: Coint_Brent_Gasoil_v2_files/Coint_Brent_Gasoil_v2_32_0
.png used on input line 507.
(pdftex.def)             Requested size: 924.45149pt x 565.10986pt.
 [8 <./Coint_Brent_Gasoil_v2_files/Coint_Brent_Gasoil_v2_32_0.png>]
<Coint_Brent_Gasoil_v2_files/Coint_Brent_Gasoil_v2_34_1.png, id=273, 920.43875p
t x 510.90875pt>
File: Coint_Brent_Gasoil_v2_files/Coint_Brent_Gasoil_v2_34_1.png Graphic file (
type png)

<use Coint_Brent_Gasoil_v2_files/Coint_Brent_Gasoil_v2_34_1.png>
Package pdftex.def Info: Coint_Brent_Gasoil_v2_files/Coint_Brent_Gasoil_v2_34_1
.png used on input line 523.
(pdftex.def)             Requested size: 920.43651pt x 510.9075pt.

<Coint_Brent_Gasoil_v2_files/Coint_Brent_Gasoil_v2_37_0.png, id=274, 925.4575pt
 x 353.32pt>
File: Coint_Brent_Gasoil_v2_files/Coint_Brent_Gasoil_v2_37_0.png Graphic file (
type png)
 <use Coint_Brent_Gasoil_v2_files/Coint_Brent_Gasoil_v2_37_0.png>
Package pdftex.def Info: Coint_Brent_Gasoil_v2_files/Coint_Brent_Gasoil_v2_37_0
.png used on input line 561.
(pdftex.def)             Requested size: 925.45525pt x 353.31914pt.

[9 <./Coint_Brent_Gasoil_v2_files/Coint_Brent_Gasoil_v2_34_1.png>] [10 <./Coint
_Brent_Gasoil_v2_files/Coint_Brent_Gasoil_v2_37_0.png>]
Underfull \hbox (badness 10000) in paragraph at lines 626--627

 []


<Coint_Brent_Gasoil_v2_files/Coint_Brent_Gasoil_v2_42_1.png, id=298, 920.43875p
t x 353.32pt>
File: Coint_Brent_Gasoil_v2_files/Coint_Brent_Gasoil_v2_42_1.png Graphic file (
type png)
 <use Coint_Brent_Gasoil_v2_files/Coint_Brent_Gasoil_v2_42_1.png>
Package pdftex.def Info: Coint_Brent_Gasoil_v2_files/Coint_Brent_Gasoil_v2_42_1
.png used on input line 628.
(pdftex.def)             Requested size: 920.43651pt x 353.31914pt.

Underfull \hbox (badness 10000) in paragraph at lines 630--631

 []


Underfull \hbox (badness 10000) in paragraph at lines 640--641

 []


<Coint_Brent_Gasoil_v2_files/Coint_Brent_Gasoil_v2_43_1.png, id=299, 895.345pt 
x 523.9575pt>
File: Coint_Brent_Gasoil_v2_files/Coint_Brent_Gasoil_v2_43_1.png Graphic file (
type png)
 <use Coint_Brent_Gasoil_v2_files/Coint_Brent_Gasoil_v2_43_1.png>
Package pdftex.def Info: Coint_Brent_Gasoil_v2_files/Coint_Brent_Gasoil_v2_43_1
.png used on input line 643.
(pdftex.def)             Requested size: 895.34282pt x 523.95622pt.

[11 <./Coint_Brent_Gasoil_v2_files/Coint_Brent_Gasoil_v2_42_1.png> <./Coint_Bre
nt_Gasoil_v2_files/Coint_Brent_Gasoil_v2_43_1.png>] [12]
<Coint_Brent_Gasoil_v2_files/Coint_Brent_Gasoil_v2_52_0.png, id=320, 885.3075pt
 x 353.32pt>
File: Coint_Brent_Gasoil_v2_files/Coint_Brent_Gasoil_v2_52_0.png Graphic file (
type png)
 <use Coint_Brent_Gasoil_v2_files/Coint_Brent_Gasoil_v2_52_0.png>
Package pdftex.def Info: Coint_Brent_Gasoil_v2_files/Coint_Brent_Gasoil_v2_52_0
.png used on input line 767.
(pdftex.def)             Requested size: 885.30533pt x 353.31914pt.

<Coint_Brent_Gasoil_v2_files/Coint_Brent_Gasoil_v2_57_1.png, id=322, 924.45375p
t x 353.32pt>
File: Coint_Brent_Gasoil_v2_files/Coint_Brent_Gasoil_v2_57_1.png Graphic file (
type png)
 <use Coint_Brent_Gasoil_v2_files/Coint_Brent_Gasoil_v2_57_1.png>
Package pdftex.def Info: Coint_Brent_Gasoil_v2_files/Coint_Brent_Gasoil_v2_57_1
.png used on input line 784.
(pdftex.def)             Requested size: 924.45149pt x 353.31914pt.

[13 <./Coint_Brent_Gasoil_v2_files/Coint_Brent_Gasoil_v2_52_0.png>]
Underfull \hbox (badness 10000) in paragraph at lines 786--787

 []


<Coint_Brent_Gasoil_v2_files/Coint_Brent_Gasoil_v2_74_2.png, id=334, 920.43875p
t x 1085.05376pt>
File: Coint_Brent_Gasoil_v2_files/Coint_Brent_Gasoil_v2_74_2.png Graphic file (
type png)

<use Coint_Brent_Gasoil_v2_files/Coint_Brent_Gasoil_v2_74_2.png>
Package pdftex.def Info: Coint_Brent_Gasoil_v2_files/Coint_Brent_Gasoil_v2_74_2
.png used on input line 846.
(pdftex.def)             Requested size: 920.43651pt x 1085.0511pt.

Underfull \hbox (badness 10000) in paragraph at lines 850--851

 []

[14 <./Coint_Brent_Gasoil_v2_files/Coint_Brent_Gasoil_v2_57_1.png>] [15 <./Coin
t_Brent_Gasoil_v2_files/Coint_Brent_Gasoil_v2_74_2.png>]
LaTeX Font Info:    Try loading font information for OML+cmr on input line 910.


("C:\Apps\MiKTeX 2.9\tex\latex\base\omlcmr.fd"
File: omlcmr.fd 2014/09/29 v2.5h Standard LaTeX font definitions
)
LaTeX Font Info:    Font shape `OML/cmr/m/n' in size <10.95> not available
(Font)              Font shape `OML/cmm/m/it' tried instead on input line 910.

("C:\Apps\MiKTeX 2.9\tex\latex\ucs\uni-32.def"
File: uni-32.def 2013/05/13 UCS: Unicode data U+2000..U+20FF
) [16] [17]
<Coint_Brent_Gasoil_v2_files/Coint_Brent_Gasoil_v2_99_1.png, id=375, 881.2925pt
 x 359.3425pt>
File: Coint_Brent_Gasoil_v2_files/Coint_Brent_Gasoil_v2_99_1.png Graphic file (
type png)

<use Coint_Brent_Gasoil_v2_files/Coint_Brent_Gasoil_v2_99_1.png>
Package pdftex.def Info: Coint_Brent_Gasoil_v2_files/Coint_Brent_Gasoil_v2_99_1
.png used on input line 1044.
(pdftex.def)             Requested size: 881.29034pt x 359.34161pt.
 [18]
Underfull \hbox (badness 10000) in paragraph at lines 1046--1047

 []


<Coint_Brent_Gasoil_v2_files/Coint_Brent_Gasoil_v2_104_1.png, id=385, 910.40125
pt x 620.3175pt>
File: Coint_Brent_Gasoil_v2_files/Coint_Brent_Gasoil_v2_104_1.png Graphic file 
(type png)

<use Coint_Brent_Gasoil_v2_files/Coint_Brent_Gasoil_v2_104_1.png>
Package pdftex.def Info: Coint_Brent_Gasoil_v2_files/Coint_Brent_Gasoil_v2_104_
1.png used on input line 1079.
(pdftex.def)             Requested size: 910.39902pt x 620.316pt.
 [19 <./Coint_Brent_Gasoil_v2_files/Coint_Brent_Gasoil_v2_99_1.png>] [20 <./Coi
nt_Brent_Gasoil_v2_files/Coint_Brent_Gasoil_v2_104_1.png>]
Overfull \hbox (155.5821pt too wide) in paragraph at lines 1125--1126
[][][]\OT1/cmr/m/n/10.95 http://statsmodels.sourceforge.net/stable/generated/st
atsmodels.tsa.stattools.adfuller.html#statsmodels.tsa.stattools.adfuller[][] 
 []


Overfull \hbox (155.5821pt too wide) in paragraph at lines 1126--1127
[][][]\OT1/cmr/m/n/10.95 http://statsmodels.sourceforge.net/stable/generated/st
atsmodels.tsa.stattools.adfuller.html#statsmodels.tsa.stattools.adfuller[][] 
 []


Overfull \hbox (38.67851pt too wide) in paragraph at lines 1128--1129
[][][]\OT1/cmr/m/n/10.95 http://statsmodels.sourceforge.net/notebooks/generated
/statsmodels.stats.diagnostic.normal[]ad.html[][] 
 []


Overfull \hbox (283.14977pt too wide) in paragraph at lines 1131--1132
[][][]\OT1/cmr/m/n/10.95 http://statsmodels.sourceforge.net/stable/generated/st
atsmodels.tsa.stattools.grangercausalitytests.html#statsmodels.tsa.stattools.gr
angercausalitytests[][] 
 []


Overfull \hbox (30.831pt too wide) in paragraph at lines 1135--1136
[][][]\OT1/cmr/m/n/10.95 http://statsmodels.sourceforge.net/devel/generated/sta
tsmodels.stats.diagnostic.kstest[]normal.html[][] 
 []

[21pdfTeX warning (ext4): destination with the same identifier (name{cite.ref})
 has been already used, duplicate ignored

\AtBegShi@Output ...ipout \box \AtBeginShipoutBox 
                                                  \fi \fi 
l.1154     \newpage
                   ] [22] [23]

LaTeX Warning: Command \textless invalid in math mode on input line 1314.


LaTeX Warning: Command \textless invalid in math mode on input line 1314.

[24]
<Coint_Brent_Gasoil_v2_files/Coint_Brent_Gasoil_v2_111_1.png, id=466, 880.28876
pt x 332.24126pt>
File: Coint_Brent_Gasoil_v2_files/Coint_Brent_Gasoil_v2_111_1.png Graphic file 
(type png)

<use Coint_Brent_Gasoil_v2_files/Coint_Brent_Gasoil_v2_111_1.png>
Package pdftex.def Info: Coint_Brent_Gasoil_v2_files/Coint_Brent_Gasoil_v2_111_
1.png used on input line 1328.
(pdftex.def)             Requested size: 880.2866pt x 332.24043pt.

<Coint_Brent_Gasoil_v2_files/Coint_Brent_Gasoil_v2_113_1.png, id=467, 895.345pt
 x 332.24126pt>
File: Coint_Brent_Gasoil_v2_files/Coint_Brent_Gasoil_v2_113_1.png Graphic file 
(type png)

<use Coint_Brent_Gasoil_v2_files/Coint_Brent_Gasoil_v2_113_1.png>
Package pdftex.def Info: Coint_Brent_Gasoil_v2_files/Coint_Brent_Gasoil_v2_113_
1.png used on input line 1329.
(pdftex.def)             Requested size: 895.34282pt x 332.24043pt.

<Coint_Brent_Gasoil_v2_files/Coint_Brent_Gasoil_v2_114_0.png, id=468, 895.345pt
 x 333.245pt>
File: Coint_Brent_Gasoil_v2_files/Coint_Brent_Gasoil_v2_114_0.png Graphic file 
(type png)

<use Coint_Brent_Gasoil_v2_files/Coint_Brent_Gasoil_v2_114_0.png>
Package pdftex.def Info: Coint_Brent_Gasoil_v2_files/Coint_Brent_Gasoil_v2_114_
0.png used on input line 1333.
(pdftex.def)             Requested size: 895.34282pt x 333.24417pt.
Package atveryend Info: Empty hook `BeforeClearDocument' on input line 1343.
 [25 <./Coint_Brent_Gasoil_v2_files/Coint_Brent_Gasoil_v2_111_1.png> <./Coint_B
rent_Gasoil_v2_files/Coint_Brent_Gasoil_v2_113_1.png> <./Coint_Brent_Gasoil_v2_
files/Coint_Brent_Gasoil_v2_114_0.png>]
Package atveryend Info: Empty hook `AfterLastShipout' on input line 1343.
 (Coint_Brent_Gasoil_v2.aux)
Package atveryend Info: Executing hook `AtVeryEndDocument' on input line 1343.
Package atveryend Info: Executing hook `AtEndAfterFileList' on input line 1343.

Package rerunfilecheck Info: File `Coint_Brent_Gasoil_v2.out' has not changed.
(rerunfilecheck)             Checksum: DC394CFD0E7073F535E5D6E0AFDD6F7C;2433.


LaTeX Warning: There were undefined references.


LaTeX Warning: There were multiply-defined labels.

Package atveryend Info: Empty hook `AtVeryVeryEnd' on input line 1343.
 ) 
Here is how much of TeX's memory you used:
 10805 strings out of 493634
 161869 string characters out of 3147362
 262775 words of memory out of 3000000
 13856 multiletter control sequences out of 15000+200000
 17702 words of font info for 66 fonts, out of 3000000 for 9000
 1025 hyphenation exceptions out of 8191
 36i,14n,77p,788b,512s stack positions out of 5000i,500n,10000p,200000b,50000s
 <C:\Users\Tanya.Sandoval\AppData\Local\MiKTeX\2.9\fonts\pk\ljfour\jknappen\e
c\dpi600\tcrm1095.pk><C:/Apps/MiKTeX 2.9/fonts/type1/public/amsfonts/cm/cmbx10.
pfb><C:/Apps/MiKTeX 2.9/fonts/type1/public/amsfonts/cm/cmbx12.pfb><C:/Apps/MiKT
eX 2.9/fonts/type1/public/amsfonts/cm/cmex10.pfb><C:/Apps/MiKTeX 2.9/fonts/type
1/public/amsfonts/cm/cmmi10.pfb><C:/Apps/MiKTeX 2.9/fonts/type1/public/amsfonts
/cm/cmmi8.pfb><C:/Apps/MiKTeX 2.9/fonts/type1/public/amsfonts/cm/cmr10.pfb><C:/
Apps/MiKTeX 2.9/fonts/type1/public/amsfonts/cm/cmr12.pfb><C:/Apps/MiKTeX 2.9/fo
nts/type1/public/amsfonts/cm/cmr17.pfb><C:/Apps/MiKTeX 2.9/fonts/type1/public/a
msfonts/cm/cmr6.pfb><C:/Apps/MiKTeX 2.9/fonts/type1/public/amsfonts/cm/cmr8.pfb
><C:/Apps/MiKTeX 2.9/fonts/type1/public/amsfonts/cm/cmr9.pfb><C:/Apps/MiKTeX 2.
9/fonts/type1/public/amsfonts/cm/cmsy10.pfb><C:/Apps/MiKTeX 2.9/fonts/type1/pub
lic/amsfonts/cm/cmsy8.pfb><C:/Apps/MiKTeX 2.9/fonts/type1/public/amsfonts/cm/cm
ti10.pfb><C:/Apps/MiKTeX 2.9/fonts/type1/public/amsfonts/cm/cmti8.pfb><C:/Apps/
MiKTeX 2.9/fonts/type1/public/amsfonts/cm/cmtt10.pfb>
Output written on Coint_Brent_Gasoil_v2.pdf (25 pages, 1207576 bytes).
PDF statistics:
 562 PDF objects out of 1000 (max. 8388607)
 141 named destinations out of 1000 (max. 500000)
 366 words of extra memory for PDF output out of 10000 (max. 10000000)

